[01m[K/root/jky/racer_explore/src/RACER/swarm_exploration/path_searching/src/astar2.cpp:[m[K In member function â€˜[01m[Kint fast_planner::Astar::search(const Vector3d&, const Vector3d&, bool)[m[Kâ€™:
[01m[K/root/jky/racer_explore/src/RACER/swarm_exploration/path_searching/src/astar2.cpp:84:29:[m[K [01;31m[Kerror: [m[Kâ€˜[01m[Kpath_pts_[m[Kâ€™ was not declared in this scope; did you mean â€˜[01m[Kpath_nodes_[m[Kâ€™?
   84 |             for (auto &pt : [01;31m[Kpath_pts_[m[K) {
      |                             [01;31m[K^~~~~~~~~[m[K
      |                             [32m[Kpath_nodes_[m[K
[01m[K/root/jky/racer_explore/src/RACER/swarm_exploration/path_searching/src/astar2.cpp:[m[K In static member function â€˜[01m[Kstatic double fast_planner::Astar::pathLength(const std::vector<Eigen::Matrix<double, 3, 1> >&)[m[Kâ€™:
[01m[K/root/jky/racer_explore/src/RACER/swarm_exploration/path_searching/src/astar2.cpp:225:23:[m[K [01;35m[Kwarning: [m[Kcomparison of integer expressions of different signedness: â€˜[01m[Kint[m[Kâ€™ and â€˜[01m[Kstd::vector<Eigen::Matrix<double, 3, 1> >::size_type[m[Kâ€™ {aka â€˜[01m[Klong unsigned int[m[Kâ€™} [[01;35m[K-Wsign-compare[m[K]
  225 |     for (int i = 0; [01;35m[Ki < path.size() - 1[m[K; ++i) length += (path[i + 1] - path[i]).norm();
      |                     [01;35m[K~~^~~~~~~~~~~~~~~~~[m[K
make[2]: *** [CMakeFiles/path_searching.dir/build.make:76: CMakeFiles/path_searching.dir/src/astar2.cpp.o] Error 1
make[1]: *** [CMakeFiles/Makefile2:580: CMakeFiles/path_searching.dir/all] Error 2
make: *** [Makefile:141: all] Error 2
