[01m[K/root/jky/racer_explore/src/RACER/swarm_exploration/path_searching/src/astar2.cpp:[m[K In member function â€˜[01m[Kvoid fast_planner::Astar::init(ros::NodeHandle&, const Ptr&)[m[Kâ€™:
[01m[K/root/jky/racer_explore/src/RACER/swarm_exploration/path_searching/src/astar2.cpp:25:12:[m[K [01;35m[Kwarning: [m[Kunused variable â€˜[01m[Kfixed_z_[m[Kâ€™ [[01;35m[K-Wunused-variable[m[K]
   25 |     double [01;35m[Kfixed_z_[m[K = ground_height;
      |            [01;35m[K^~~~~~~~[m[K
[01m[K/root/jky/racer_explore/src/RACER/swarm_exploration/path_searching/src/astar2.cpp:[m[K In member function â€˜[01m[Kint fast_planner::Astar::search(const Vector3d&, const Vector3d&, bool)[m[Kâ€™:
[01m[K/root/jky/racer_explore/src/RACER/swarm_exploration/path_searching/src/astar2.cpp:54:29:[m[K [01;31m[Kerror: [m[Kâ€˜[01m[Kfixed_z_[m[Kâ€™ was not declared in this scope
   54 |     cur_node->position(2) = [01;31m[Kfixed_z_[m[K;
      |                             [01;31m[K^~~~~~~~[m[K
[01m[K/root/jky/racer_explore/src/RACER/swarm_exploration/path_searching/src/astar2.cpp:[m[K In static member function â€˜[01m[Kstatic double fast_planner::Astar::pathLength(const std::vector<Eigen::Matrix<double, 3, 1> >&)[m[Kâ€™:
[01m[K/root/jky/racer_explore/src/RACER/swarm_exploration/path_searching/src/astar2.cpp:180:23:[m[K [01;35m[Kwarning: [m[Kcomparison of integer expressions of different signedness: â€˜[01m[Kint[m[Kâ€™ and â€˜[01m[Kstd::vector<Eigen::Matrix<double, 3, 1> >::size_type[m[Kâ€™ {aka â€˜[01m[Klong unsigned int[m[Kâ€™} [[01;35m[K-Wsign-compare[m[K]
  180 |     for (int i = 0; [01;35m[Ki < path.size() - 1[m[K; ++i) length += (path[i + 1] - path[i]).norm();
      |                     [01;35m[K~~^~~~~~~~~~~~~~~~~[m[K
[01m[K/root/jky/racer_explore/src/RACER/swarm_exploration/path_searching/src/astar2.cpp:[m[K In member function â€˜[01m[Kvoid fast_planner::Astar::backtrack2D(fast_planner::Node* const&, const Vector3d&)[m[Kâ€™:
[01m[K/root/jky/racer_explore/src/RACER/swarm_exploration/path_searching/src/astar2.cpp:198:18:[m[K [01;31m[Kerror: [m[Kâ€˜[01m[Kfixed_z_[m[Kâ€™ was not declared in this scope
  198 |     end_pos(2) = [01;31m[Kfixed_z_[m[K;
      |                  [01;31m[K^~~~~~~~[m[K
[01m[K/root/jky/racer_explore/src/RACER/swarm_exploration/path_searching/src/astar2.cpp:[m[K In member function â€˜[01m[Kstd::vector<Eigen::Matrix<double, 3, 1> > fast_planner::Astar::getVisited()[m[Kâ€™:
[01m[K/root/jky/racer_explore/src/RACER/swarm_exploration/path_searching/src/astar2.cpp:253:43:[m[K [01;31m[Kerror: [m[Kâ€˜[01m[Kfixed_z_[m[Kâ€™ was not declared in this scope
  253 |         path_node_pool_[i]->position(2) = [01;31m[Kfixed_z_[m[K;
      |                                           [01;31m[K^~~~~~~~[m[K
make[2]: *** [CMakeFiles/path_searching.dir/build.make:76: CMakeFiles/path_searching.dir/src/astar2.cpp.o] Error 1
make[1]: *** [CMakeFiles/Makefile2:580: CMakeFiles/path_searching.dir/all] Error 2
make: *** [Makefile:141: all] Error 2
