[01m[K/root/jky/racer_explore/src/RACER/swarm_exploration/path_searching/src/astar2.cpp:54:6:[m[K [01;31m[Kerror: [m[Kno declaration matches â€˜[01m[Kbool fast_planner::Astar::AstarPathSearch(Eigen::Vector3d, Eigen::Vector3d)[m[Kâ€™
   54 | bool [01;31m[KAstar[m[K::AstarPathSearch(Eigen::Vector3d start_pt, Eigen::Vector3d end_pt)
      |      [01;31m[K^~~~~[m[K
[01m[K/root/jky/racer_explore/src/RACER/swarm_exploration/path_searching/src/astar2.cpp:54:6:[m[K [01;36m[Knote: [m[Kno functions named â€˜[01m[Kbool fast_planner::Astar::AstarPathSearch(Eigen::Vector3d, Eigen::Vector3d)[m[Kâ€™
In file included from [01m[K/root/jky/racer_explore/src/RACER/swarm_exploration/path_searching/src/astar2.cpp:1[m[K:
[01m[K/root/jky/racer_explore/src/RACER/swarm_exploration/path_searching/include/path_searching/astar2.h:38:7:[m[K [01;36m[Knote: [m[Kâ€˜[01m[Kclass fast_planner::Astar[m[Kâ€™ defined here
   38 | class [01;36m[KAstar[m[K {
      |       [01;36m[K^~~~~[m[K
[01m[K/root/jky/racer_explore/src/RACER/swarm_exploration/path_searching/src/astar2.cpp:[m[K In static member function â€˜[01m[Kstatic double fast_planner::Astar::pathLength(const std::vector<Eigen::Matrix<double, 3, 1> >&)[m[Kâ€™:
[01m[K/root/jky/racer_explore/src/RACER/swarm_exploration/path_searching/src/astar2.cpp:179:23:[m[K [01;35m[Kwarning: [m[Kcomparison of integer expressions of different signedness: â€˜[01m[Kint[m[Kâ€™ and â€˜[01m[Kstd::vector<Eigen::Matrix<double, 3, 1> >::size_type[m[Kâ€™ {aka â€˜[01m[Klong unsigned int[m[Kâ€™} [[01;35m[K-Wsign-compare[m[K]
  179 |     for (int i = 0; [01;35m[Ki < path.size() - 1[m[K; ++i) length += (path[i + 1] - path[i]).norm();
      |                     [01;35m[K~~^~~~~~~~~~~~~~~~~[m[K
make[2]: *** [CMakeFiles/path_searching.dir/build.make:76: CMakeFiles/path_searching.dir/src/astar2.cpp.o] Error 1
make[1]: *** [CMakeFiles/Makefile2:580: CMakeFiles/path_searching.dir/all] Error 2
make: *** [Makefile:141: all] Error 2
