[01m[K/home/zqh/phoenixZ/racer_explore/src/RACER/swarm_exploration/plan_env/src/map_ros.cpp:[m[K In member function â€˜[01m[Kvoid fast_planner::MapROS::processDepthImage()[m[Kâ€™:
[01m[K/home/zqh/phoenixZ/racer_explore/src/RACER/swarm_exploration/plan_env/src/map_ros.cpp:385:53:[m[K [01;31m[Kerror: [m[Kâ€˜[01m[Kdrone_size[m[Kâ€™ was not declared in this scope; did you mean â€˜[01m[Kdrone_state[m[Kâ€™?
  385 |                 if (rel_pos.cwiseAbs().maxCoeff() < [01;31m[Kdrone_size[m[K.maxCoeff() / 2)
      |                                                     [01;31m[K^~~~~~~~~~[m[K
      |                                                     [32m[Kdrone_state[m[K
make[2]: *** [CMakeFiles/plan_env.dir/build.make:115: CMakeFiles/plan_env.dir/src/map_ros.cpp.o] Error 1
make[1]: *** [CMakeFiles/Makefile2:1074: CMakeFiles/plan_env.dir/all] Error 2
make: *** [Makefile:141: all] Error 2
