[01m[K/home/zqh/phoenixZ/racer_explore/src/RACER/swarm_exploration/plan_env/src/map_ros.cpp:[m[K In member function â€˜[01m[Kvoid fast_planner::MapROS::processDepthImage()[m[Kâ€™:
[01m[K/home/zqh/phoenixZ/racer_explore/src/RACER/swarm_exploration/plan_env/src/map_ros.cpp:378:50:[m[K [01;31m[Kerror: [m[Kâ€˜[01m[Kdrone_states_mutex_[m[Kâ€™ was not declared in this scope; did you mean â€˜[01m[Kdrone_state_sub_[m[Kâ€™?
  378 |                 std::lock_guard<std::mutex> lock([01;31m[Kdrone_states_mutex_[m[K);
      |                                                  [01;31m[K^~~~~~~~~~~~~~~~~~~[m[K
      |                                                  [32m[Kdrone_state_sub_[m[K
[01m[K/home/zqh/phoenixZ/racer_explore/src/RACER/swarm_exploration/plan_env/src/map_ros.cpp:387:58:[m[K [01;31m[Kerror: [m[Kâ€˜[01m[Kconst class Eigen::Matrix<double, 4, 1>[m[Kâ€™ has no member named â€˜[01m[Ktimestamp[m[Kâ€™
  387 |                     if ((ros::Time::now() - state.second.[01;31m[Ktimestamp[m[K).toSec() > 0.5)
      |                                                          [01;31m[K^~~~~~~~~[m[K
[01m[K/home/zqh/phoenixZ/racer_explore/src/RACER/swarm_exploration/plan_env/src/map_ros.cpp:393:64:[m[K [01;31m[Kerror: [m[Kâ€˜[01m[Kconst class Eigen::Matrix<double, 4, 1>[m[Kâ€™ has no member named â€˜[01m[Kstate[m[Kâ€™
  393 |                     Eigen::Vector4d drone_state = state.second.[01;31m[Kstate[m[K;
      |                                                                [01;31m[K^~~~~[m[K
[01m[K/home/zqh/phoenixZ/racer_explore/src/RACER/swarm_exploration/plan_env/src/map_ros.cpp:422:23:[m[K [01;31m[Kerror: [m[Kâ€˜[01m[Kclass fast_planner::SDFMap[m[Kâ€™ has no member named â€˜[01m[KisCornerPoint[m[Kâ€™
  422 |             if (map_->[01;31m[KisCornerPoint[m[K(pt_world))
      |                       [01;31m[K^~~~~~~~~~~~~[m[K
[01m[K/home/zqh/phoenixZ/racer_explore/src/RACER/swarm_exploration/plan_env/src/map_ros.cpp:439:9:[m[K [01;31m[Kerror: [m[Kâ€˜[01m[KsupplementPointCloud[m[Kâ€™ was not declared in this scope
  439 |         [01;31m[KsupplementPointCloud[m[K();
      |         [01;31m[K^~~~~~~~~~~~~~~~~~~~[m[K
make[2]: *** [CMakeFiles/plan_env.dir/build.make:115: CMakeFiles/plan_env.dir/src/map_ros.cpp.o] Error 1
make[1]: *** [CMakeFiles/Makefile2:1074: CMakeFiles/plan_env.dir/all] Error 2
make: *** [Makefile:141: all] Error 2
