[01m[K/home/zqh/phoenixZ/racer_explore/src/RACER/swarm_exploration/exploration_manager/src/racer2gazebo_cmd.cpp:[m[K In function â€˜[01m[Kvoid publishTwist()[m[Kâ€™:
[01m[K/home/zqh/phoenixZ/racer_explore/src/RACER/swarm_exploration/exploration_manager/src/racer2gazebo_cmd.cpp:141:5:[m[K [01;31m[Kerror: [m[Kâ€˜[01m[Kgeometry_msgs[m[Kâ€™ has not been declared
  141 |     [01;31m[Kgeometry_msgs[m[K::Twist twist;
      |     [01;31m[K^~~~~~~~~~~~~[m[K
[01m[K/home/zqh/phoenixZ/racer_explore/src/RACER/swarm_exploration/exploration_manager/src/racer2gazebo_cmd.cpp:147:12:[m[K [01;31m[Kerror: [m[Kâ€˜[01m[Kros[m[Kâ€™ does not name a type
  147 |     static [01;31m[Kros[m[K::Time last_time = ros::Time::now();
      |            [01;31m[K^~~[m[K
[01m[K/home/zqh/phoenixZ/racer_explore/src/RACER/swarm_exploration/exploration_manager/src/racer2gazebo_cmd.cpp:149:9:[m[K [01;31m[Kerror: [m[Kâ€˜[01m[Krcv_cmd_[m[Kâ€™ was not declared in this scope
  149 |     if ([01;31m[Krcv_cmd_[m[K && rcv_odom_)
      |         [01;31m[K^~~~~~~~[m[K
[01m[K/home/zqh/phoenixZ/racer_explore/src/RACER/swarm_exploration/exploration_manager/src/racer2gazebo_cmd.cpp:149:21:[m[K [01;31m[Kerror: [m[Kâ€˜[01m[Krcv_odom_[m[Kâ€™ was not declared in this scope
  149 |     if (rcv_cmd_ && [01;31m[Krcv_odom_[m[K)
      |                     [01;31m[K^~~~~~~~~[m[K
[01m[K/home/zqh/phoenixZ/racer_explore/src/RACER/swarm_exploration/exploration_manager/src/racer2gazebo_cmd.cpp:152:9:[m[K [01;31m[Kerror: [m[Kâ€˜[01m[Kros[m[Kâ€™ has not been declared
  152 |         [01;31m[Kros[m[K::Time current_time = ros::Time::now();
      |         [01;31m[K^~~[m[K
[01m[K/home/zqh/phoenixZ/racer_explore/src/RACER/swarm_exploration/exploration_manager/src/racer2gazebo_cmd.cpp:153:22:[m[K [01;31m[Kerror: [m[Kâ€˜[01m[Kcurrent_time[m[Kâ€™ was not declared in this scope
  153 |         double dt = ([01;31m[Kcurrent_time[m[K - last_time).toSec();
      |                      [01;31m[K^~~~~~~~~~~~[m[K
[01m[K/home/zqh/phoenixZ/racer_explore/src/RACER/swarm_exploration/exploration_manager/src/racer2gazebo_cmd.cpp:153:37:[m[K [01;31m[Kerror: [m[Kâ€˜[01m[Klast_time[m[Kâ€™ was not declared in this scope
  153 |         double dt = (current_time - [01;31m[Klast_time[m[K).toSec();
      |                                     [01;31m[K^~~~~~~~~[m[K
[01m[K/home/zqh/phoenixZ/racer_explore/src/RACER/swarm_exploration/exploration_manager/src/racer2gazebo_cmd.cpp:157:21:[m[K [01;31m[Kerror: [m[Kâ€˜[01m[Ktarget_position_[m[Kâ€™ was not declared in this scope
  157 |         double dx = [01;31m[Ktarget_position_[m[K.x - current_pose_.position.x;
      |                     [01;31m[K^~~~~~~~~~~~~~~~[m[K
[01m[K/home/zqh/phoenixZ/racer_explore/src/RACER/swarm_exploration/exploration_manager/src/racer2gazebo_cmd.cpp:157:42:[m[K [01;31m[Kerror: [m[Kâ€˜[01m[Kcurrent_pose_[m[Kâ€™ was not declared in this scope
  157 |         double dx = target_position_.x - [01;31m[Kcurrent_pose_[m[K.position.x;
      |                                          [01;31m[K^~~~~~~~~~~~~[m[K
[01m[K/home/zqh/phoenixZ/racer_explore/src/RACER/swarm_exploration/exploration_manager/src/racer2gazebo_cmd.cpp:159:33:[m[K [01;31m[Kerror: [m[Kâ€˜[01m[Ksqrt[m[Kâ€™ was not declared in this scope
  159 |         double distance_error = [01;31m[Ksqrt[m[K(dx * dx + dy * dy);
      |                                 [01;31m[K^~~~[m[K
[01m[K/home/zqh/phoenixZ/racer_explore/src/RACER/swarm_exploration/exploration_manager/src/racer2gazebo_cmd.cpp:162:31:[m[K [01;31m[Kerror: [m[Kâ€˜[01m[Katan2[m[Kâ€™ was not declared in this scope
  162 |         double target_angle = [01;31m[Katan2[m[K(dy, dx);
      |                               [01;31m[K^~~~~[m[K
[01m[K/home/zqh/phoenixZ/racer_explore/src/RACER/swarm_exploration/exploration_manager/src/racer2gazebo_cmd.cpp:164:45:[m[K [01;31m[Kerror: [m[Kâ€˜[01m[Kcurrent_yaw_[m[Kâ€™ was not declared in this scope
  164 |         double angle_error = target_angle - [01;31m[Kcurrent_yaw_[m[K;
      |                                             [01;31m[K^~~~~~~~~~~~[m[K
[01m[K/home/zqh/phoenixZ/racer_explore/src/RACER/swarm_exploration/exploration_manager/src/racer2gazebo_cmd.cpp:166:29:[m[K [01;31m[Kerror: [m[Kâ€˜[01m[Ksin[m[Kâ€™ was not declared in this scope
  166 |         angle_error = atan2([01;31m[Ksin[m[K(angle_error), cos(angle_error));
      |                             [01;31m[K^~~[m[K
[01m[K/home/zqh/phoenixZ/racer_explore/src/RACER/swarm_exploration/exploration_manager/src/racer2gazebo_cmd.cpp:166:47:[m[K [01;31m[Kerror: [m[Kâ€˜[01m[Kcos[m[Kâ€™ was not declared in this scope
  166 |         angle_error = atan2(sin(angle_error), [01;31m[Kcos[m[K(angle_error));
      |                                               [01;31m[K^~~[m[K
[01m[K/home/zqh/phoenixZ/racer_explore/src/RACER/swarm_exploration/exploration_manager/src/racer2gazebo_cmd.cpp:190:9:[m[K [01;31m[Kerror: [m[Kâ€˜[01m[Ktwist[m[Kâ€™ was not declared in this scope
  190 |         [01;31m[Ktwist[m[K.linear.x = std::min(max_linear, std::max(-max_linear, linear_vel));
      |         [01;31m[K^~~~~[m[K
[01m[K/home/zqh/phoenixZ/racer_explore/src/RACER/swarm_exploration/exploration_manager/src/racer2gazebo_cmd.cpp:190:31:[m[K [01;31m[Kerror: [m[Kâ€˜[01m[Kmin[m[Kâ€™ is not a member of â€˜[01m[Kstd[m[Kâ€™
  190 |         twist.linear.x = std::[01;31m[Kmin[m[K(max_linear, std::max(-max_linear, linear_vel));
      |                               [01;31m[K^~~[m[K
[01m[K/home/zqh/phoenixZ/racer_explore/src/RACER/swarm_exploration/exploration_manager/src/racer2gazebo_cmd.cpp:190:52:[m[K [01;31m[Kerror: [m[Kâ€˜[01m[Kmax[m[Kâ€™ is not a member of â€˜[01m[Kstd[m[Kâ€™
  190 |         twist.linear.x = std::min(max_linear, std::[01;31m[Kmax[m[K(-max_linear, linear_vel));
      |                                                    [01;31m[K^~~[m[K
[01m[K/home/zqh/phoenixZ/racer_explore/src/RACER/swarm_exploration/exploration_manager/src/racer2gazebo_cmd.cpp:198:32:[m[K [01;31m[Kerror: [m[Kâ€˜[01m[Kmin[m[Kâ€™ is not a member of â€˜[01m[Kstd[m[Kâ€™
  198 |         twist.angular.z = std::[01;31m[Kmin[m[K(max_angular, std::max(-max_angular, angular_vel));
      |                                [01;31m[K^~~[m[K
[01m[K/home/zqh/phoenixZ/racer_explore/src/RACER/swarm_exploration/exploration_manager/src/racer2gazebo_cmd.cpp:198:54:[m[K [01;31m[Kerror: [m[Kâ€˜[01m[Kmax[m[Kâ€™ is not a member of â€˜[01m[Kstd[m[Kâ€™
  198 |         twist.angular.z = std::min(max_angular, std::[01;31m[Kmax[m[K(-max_angular, angular_vel));
      |                                                      [01;31m[K^~~[m[K
[01m[K/home/zqh/phoenixZ/racer_explore/src/RACER/swarm_exploration/exploration_manager/src/racer2gazebo_cmd.cpp:216:32:[m[K [01;31m[Kerror: [m[Kâ€˜[01m[Kcar_id_[m[Kâ€™ was not declared in this scope
  216 |         ROS_INFO_STREAM("[" << [01;31m[Kcar_id_[m[K << "] Distance error: " << distance_error << " m, Angle error: " << angle_error << " rad, Linear vel: " << twist.linear.x << " m/s, Angular vel: " << twist.angular.z << " rad/s");
      |                                [01;31m[K^~~~~~~[m[K
[01m[K/home/zqh/phoenixZ/racer_explore/src/RACER/swarm_exploration/exploration_manager/src/racer2gazebo_cmd.cpp:216:9:[m[K [01;31m[Kerror: [m[Kâ€˜[01m[KROS_INFO_STREAM[m[Kâ€™ was not declared in this scope
  216 |         [01;31m[KROS_INFO_STREAM[m[K("[" << car_id_ << "] Distance error: " << distance_error << " m, Angle error: " << angle_error << " rad, Linear vel: " << twist.linear.x << " m/s, Angular vel: " << twist.angular.z << " rad/s");
      |         [01;31m[K^~~~~~~~~~~~~~~[m[K
[01m[K/home/zqh/phoenixZ/racer_explore/src/RACER/swarm_exploration/exploration_manager/src/racer2gazebo_cmd.cpp:221:9:[m[K [01;31m[Kerror: [m[Kâ€˜[01m[Ktwist[m[Kâ€™ was not declared in this scope
  221 |         [01;31m[Ktwist[m[K.linear.x = 0.0;
      |         [01;31m[K^~~~~[m[K
[01m[K/home/zqh/phoenixZ/racer_explore/src/RACER/swarm_exploration/exploration_manager/src/racer2gazebo_cmd.cpp:231:5:[m[K [01;31m[Kerror: [m[Kâ€˜[01m[Ktwist_pub_[m[Kâ€™ was not declared in this scope
  231 |     [01;31m[Ktwist_pub_[m[K.publish(twist);
      |     [01;31m[K^~~~~~~~~~[m[K
[01m[K/home/zqh/phoenixZ/racer_explore/src/RACER/swarm_exploration/exploration_manager/src/racer2gazebo_cmd.cpp:231:24:[m[K [01;31m[Kerror: [m[Kâ€˜[01m[Ktwist[m[Kâ€™ was not declared in this scope
  231 |     twist_pub_.publish([01;31m[Ktwist[m[K);
      |                        [01;31m[K^~~~~[m[K
make[2]: *** [CMakeFiles/racer2gazebo_cmd.dir/build.make:63: CMakeFiles/racer2gazebo_cmd.dir/src/racer2gazebo_cmd.cpp.o] Error 1
make[1]: *** [CMakeFiles/Makefile2:235: CMakeFiles/racer2gazebo_cmd.dir/all] Error 2
make[1]: *** Waiting for unfinished jobs....
make: *** [Makefile:141: all] Error 2
