/usr/bin/ld: CMakeFiles/sensor_pos.dir/src/pub_sensor_pos.cpp.o: in function `CameraPosePublisher::timerCallback(ros::TimerEvent const&)':
pub_sensor_pos.cpp:(.text._ZN19CameraPosePublisher13timerCallbackERKN3ros10TimerEventE[_ZN19CameraPosePublisher13timerCallbackERKN3ros10TimerEventE]+0x12e): undefined reference to `tf::Transformer::lookupTransform(std::__cxx11::basic_string<char, std::char_traits<char>, std::allocator<char> > const&, std::__cxx11::basic_string<char, std::char_traits<char>, std::allocator<char> > const&, ros::Time const&, tf::StampedTransform&) const'
/usr/bin/ld: CMakeFiles/sensor_pos.dir/src/pub_sensor_pos.cpp.o: in function `CameraPosePublisher::CameraPosePublisher()':
pub_sensor_pos.cpp:(.text._ZN19CameraPosePublisherC2Ev[_ZN19CameraPosePublisherC5Ev]+0x43): undefined reference to `tf::Transformer::DEFAULT_CACHE_TIME'
/usr/bin/ld: pub_sensor_pos.cpp:(.text._ZN19CameraPosePublisherC2Ev[_ZN19CameraPosePublisherC5Ev]+0x6e): undefined reference to `tf::TransformListener::TransformListener(ros::Duration, bool)'
/usr/bin/ld: pub_sensor_pos.cpp:(.text._ZN19CameraPosePublisherC2Ev[_ZN19CameraPosePublisherC5Ev]+0xb79): undefined reference to `tf::TransformListener::~TransformListener()'
/usr/bin/ld: CMakeFiles/sensor_pos.dir/src/pub_sensor_pos.cpp.o: in function `CameraPosePublisher::~CameraPosePublisher()':
pub_sensor_pos.cpp:(.text._ZN19CameraPosePublisherD2Ev[_ZN19CameraPosePublisherD5Ev]+0xd): undefined reference to `tf::TransformListener::~TransformListener()'
collect2: error: ld returned 1 exit status
make[2]: *** [CMakeFiles/sensor_pos.dir/build.make:177: /home/zqh/phoenixZ/racer_explore/devel/.private/exploration_manager/lib/exploration_manager/sensor_pos] Error 1
make[1]: *** [CMakeFiles/Makefile2:213: CMakeFiles/sensor_pos.dir/all] Error 2
make: *** [Makefile:141: all] Error 2
