[01m[K/home/zqh/phoenixZ/racer_explore/src/RACER/swarm_exploration/exploration_manager/src/racer2gazebo_cmd.cpp:[m[K In member function â€˜[01m[Kvoid CommandConverter::publishTwist()[m[Kâ€™:
[01m[K/home/zqh/phoenixZ/racer_explore/src/RACER/swarm_exploration/exploration_manager/src/racer2gazebo_cmd.cpp:241:28:[m[K [01;31m[Kerror: [m[Kâ€˜[01m[Kclamp[m[Kâ€™ is not a member of â€˜[01m[Kstd[m[Kâ€™
  241 |             delta_v = std::[01;31m[Kclamp[m[K(delta_v, -max_delta_v, max_delta_v);
      |                            [01;31m[K^~~~~[m[K
make[2]: *** [CMakeFiles/racer2gazebo_cmd.dir/build.make:63: CMakeFiles/racer2gazebo_cmd.dir/src/racer2gazebo_cmd.cpp.o] Error 1
make[1]: *** [CMakeFiles/Makefile2:235: CMakeFiles/racer2gazebo_cmd.dir/all] Error 2
make: *** [Makefile:141: all] Error 2
